{
  "stats": {
    "suites": 1,
    "tests": 1,
    "passes": 1,
    "pending": 0,
    "failures": 0,
    "start": "2022-11-29T20:13:41.001Z",
    "end": "2022-11-29T20:13:48.717Z",
    "duration": 7716,
    "testsRegistered": 1,
    "passPercent": 100,
    "pendingPercent": 0,
    "other": 0,
    "hasOther": false,
    "skipped": 0,
    "hasSkipped": false
  },
  "results": [
    {
      "uuid": "e0aba5e1-adc5-4ee4-aada-800301c414fa",
      "title": "",
      "fullFile": "cypress/e2e/filmListTests/filmList.spec.cy.js",
      "file": "cypress/e2e/filmListTests/filmList.spec.cy.js",
      "beforeHooks": [],
      "afterHooks": [],
      "tests": [],
      "suites": [
        {
          "uuid": "d8b1bc19-1129-4b75-ad54-96b0a33a9a82",
          "title": "SOME TEST",
          "fullFile": "",
          "file": "",
          "beforeHooks": [],
          "afterHooks": [],
          "tests": [
            {
              "title": "should have specific content in a card",
              "fullTitle": "SOME TEST should have specific content in a card",
              "timedOut": null,
              "duration": 869,
              "state": "passed",
              "speed": "fast",
              "pass": true,
              "fail": false,
              "pending": false,
              "context": null,
              "code": "// Check that the search button exists in the DOM and is visible\n_FilmList.default.getFilmTitle().should('exist');\n_FilmList.default.getFilmDescription().should('exist');\n_FilmList.default.getFilmDirector().should('exist');",
              "err": {},
              "uuid": "7f3486ce-7a41-467b-bd00-ed7e4807b21e",
              "parentUUID": "d8b1bc19-1129-4b75-ad54-96b0a33a9a82",
              "isHook": false,
              "skipped": false
            }
          ],
          "suites": [],
          "passes": [
            "7f3486ce-7a41-467b-bd00-ed7e4807b21e"
          ],
          "failures": [],
          "pending": [],
          "skipped": [],
          "duration": 869,
          "root": false,
          "rootEmpty": false,
          "_timeout": 2000
        }
      ],
      "passes": [],
      "failures": [],
      "pending": [],
      "skipped": [],
      "duration": 0,
      "root": true,
      "rootEmpty": true,
      "_timeout": 2000
    }
  ],
  "meta": {
    "mocha": {
      "version": "7.0.1"
    },
    "mochawesome": {
      "options": {
        "quiet": false,
        "reportFilename": "[name]-report",
        "saveHtml": false,
        "saveJson": true,
        "consoleReporter": "spec",
        "useInlineDiffs": false,
        "code": true
      },
      "version": "7.1.3"
    },
    "marge": {
      "options": {
        "reportFilename": "[name]-report",
        "reportDir": "mochawesome-report",
        "overwrite": true,
        "html": false,
        "json": true
      },
      "version": "6.2.0"
    }
  }
}