{
  "stats": {
    "suites": 1,
    "tests": 1,
    "passes": 1,
    "pending": 0,
    "failures": 0,
    "start": "2022-11-13T08:04:28.983Z",
    "end": "2022-11-13T08:04:31.138Z",
    "duration": 2155,
    "testsRegistered": 1,
    "passPercent": 100,
    "pendingPercent": 0,
    "other": 0,
    "hasOther": false,
    "skipped": 0,
    "hasSkipped": false
  },
  "results": [
    {
      "uuid": "79c689ef-9f51-4bf9-958f-f45a97905519",
      "title": "",
      "fullFile": "cypress/e2e/headerTests/header.spec.cy.js",
      "file": "cypress/e2e/headerTests/header.spec.cy.js",
      "beforeHooks": [],
      "afterHooks": [],
      "tests": [],
      "suites": [
        {
          "uuid": "c294234b-0d79-4fe2-b76b-0f7ead862dee",
          "title": "SOME TEST",
          "fullFile": "",
          "file": "",
          "beforeHooks": [],
          "afterHooks": [],
          "tests": [
            {
              "title": "should have a log in button",
              "fullTitle": "SOME TEST should have a log in button",
              "timedOut": null,
              "duration": 977,
              "state": "passed",
              "speed": "fast",
              "pass": true,
              "fail": false,
              "pending": false,
              "context": null,
              "code": "// Check that the search button exists in the DOM and is visible\n_Header.default.getLogInButton().should('exist');\n_Header.default.getLogInButton().should('be.visible');",
              "err": {},
              "uuid": "37416741-76f5-426e-bfee-5fd86e73e455",
              "parentUUID": "c294234b-0d79-4fe2-b76b-0f7ead862dee",
              "isHook": false,
              "skipped": false
            }
          ],
          "suites": [],
          "passes": [
            "37416741-76f5-426e-bfee-5fd86e73e455"
          ],
          "failures": [],
          "pending": [],
          "skipped": [],
          "duration": 977,
          "root": false,
          "rootEmpty": false,
          "_timeout": 2000
        }
      ],
      "passes": [],
      "failures": [],
      "pending": [],
      "skipped": [],
      "duration": 0,
      "root": true,
      "rootEmpty": true,
      "_timeout": 2000
    }
  ],
  "meta": {
    "mocha": {
      "version": "7.0.1"
    },
    "mochawesome": {
      "options": {
        "quiet": false,
        "reportFilename": "mochawesome",
        "saveHtml": false,
        "saveJson": true,
        "consoleReporter": "spec",
        "useInlineDiffs": false,
        "code": true
      },
      "version": "7.1.3"
    },
    "marge": {
      "options": {
        "reportDir": "mochawesome-report",
        "overwrite": true,
        "html": false,
        "json": true
      },
      "version": "6.2.0"
    }
  }
}